info it worked if it ends with ok
verbose cli [ 'node', '/usr/local/bin/npm', 'install', 'sys' ]
info using npm@1.0.27
info using node@v0.4.9
verbose config file /Users/cclamb/.npmrc
verbose config file /Users/cclamb/.nvm/v0.4.9/etc/npmrc
silly testEngine { name: 'jake',
silly testEngine   version: '0.1.19',
silly testEngine   author: 
silly testEngine    { name: 'Matthew Eernisse',
silly testEngine      email: 'mde@fleegix.org',
silly testEngine      url: 'http://fleegix.org' },
silly testEngine   bin: { jake: './bin/cli.js' },
silly testEngine   main: './lib',
silly testEngine   repository: { type: 'git', url: 'git://github.com/mde/jake.git' },
silly testEngine   preferGlobal: true,
silly testEngine   _npmJsonOpts: 
silly testEngine    { file: '/Users/cclamb/node_modules/jake/package.json',
silly testEngine      wscript: false,
silly testEngine      contributors: false,
silly testEngine      serverjs: false },
silly testEngine   _id: 'jake@0.1.19',
silly testEngine   dependencies: {},
silly testEngine   devDependencies: {},
silly testEngine   engines: { node: '*' },
silly testEngine   _engineSupported: true,
silly testEngine   _npmVersion: '1.0.27',
silly testEngine   _nodeVersion: 'v0.4.9',
silly testEngine   _defaultsLoaded: true }
verbose caching /Users/cclamb/node_modules/jake/package.json
verbose loadDefaults jake@0.1.19
silly testEngine { name: 'jasmine-node',
silly testEngine   version: '1.0.6',
silly testEngine   description: 'DOM-less simple JavaScript BDD testing framework for Node',
silly testEngine   homepage: 
silly testEngine    [ 'http://pivotal.github.com/jasmine',
silly testEngine      'https://github.com/mhevery/jasmine-node' ],
silly testEngine   repository: 
silly testEngine    { type: 'git',
silly testEngine      url: 'git://github.com/mhevery/jasmine-node.git' },
silly testEngine   keywords: [ 'testing', 'bdd' ],
silly testEngine   author: { name: 'Misko Hevery', email: 'misko@hevery.com' },
silly testEngine   contributors: 
silly testEngine    [ { name: 'Rajan Agaskar' },
silly testEngine      { name: 'Christian Williams' },
silly testEngine      { name: 'Davis W. Frank',
silly testEngine        email: 'dwfrank@pivotallabs.com' },
silly testEngine      { name: 'Matteo Collina',
silly testEngine        email: 'matteo.collina@gmail.com' } ],
silly testEngine   maintainers: 'Martin Häger <martin.haeger@gmail.com>',
silly testEngine   licenses: [ 'MIT' ],
silly testEngine   dependencies: { 'coffee-script': '>=1.0.1' },
silly testEngine   bin: { 'jasmine-node': 'bin/jasmine-node' },
silly testEngine   main: 'lib/jasmine-node',
silly testEngine   _npmJsonOpts: 
silly testEngine    { file: '/Users/cclamb/node_modules/jasmine-node/package.json',
silly testEngine      wscript: false,
silly testEngine      contributors: false,
silly testEngine      serverjs: false },
silly testEngine   _id: 'jasmine-node@1.0.6',
silly testEngine   devDependencies: {},
silly testEngine   engines: { node: '*' },
silly testEngine   _engineSupported: true,
silly testEngine   _npmVersion: '1.0.27',
silly testEngine   _nodeVersion: 'v0.4.9',
silly testEngine   _defaultsLoaded: true }
verbose caching /Users/cclamb/node_modules/jasmine-node/package.json
verbose loadDefaults jasmine-node@1.0.6
silly testEngine { name: 'jasmine-runner',
silly testEngine   description: 'Jasmine BDD utility tool and commandline runner',
silly testEngine   url: '',
silly testEngine   repository: 
silly testEngine    { type: 'git',
silly testEngine      url: 'git://github.com/jamescarr/jasmine-tool.git' },
silly testEngine   keywords: [ 'testing', 'spec', 'test', 'BDD' ],
silly testEngine   author: 
silly testEngine    { name: 'James R. Carr',
silly testEngine      email: 'james.r.carr@gmail.com' },
silly testEngine   contributors: [ {} ],
silly testEngine   main: './lib/jasmine-runner',
silly testEngine   bin: { jasmine: './bin/jasmine' },
silly testEngine   directories: { test: './spec' },
silly testEngine   version: '0.2.9',
silly testEngine   dependencies: 
silly testEngine    { express: '2.3.4',
silly testEngine      'coffee-script': '1.0.1',
silly testEngine      'socket.io': '0.6.0',
silly testEngine      webworker: '0.8.2',
silly testEngine      colors: '0.3.0',
silly testEngine      growl: '1.0.2',
silly testEngine      libnotify: '1.0.1',
silly testEngine      jade: '0.6.0' },
silly testEngine   _npmJsonOpts: 
silly testEngine    { file: '/Users/cclamb/node_modules/jasmine-runner/package.json',
silly testEngine      wscript: false,
silly testEngine      contributors: false,
silly testEngine      serverjs: false },
silly testEngine   _id: 'jasmine-runner@0.2.9',
silly testEngine   devDependencies: {},
silly testEngine   engines: { node: '*' },
silly testEngine   _engineSupported: true,
silly testEngine   _npmVersion: '1.0.27',
silly testEngine   _nodeVersion: 'v0.4.9',
silly testEngine   _defaultsLoaded: true }
verbose caching /Users/cclamb/node_modules/jasmine-runner/package.json
verbose loadDefaults jasmine-runner@0.2.9
verbose into /Users/cclamb [ 'sys' ]
verbose cache add sys
verbose cache add [ 'sys', null ]
silly cache add: name, spec, args [ undefined, 'sys', [ 'sys', null ] ]
verbose parsed url { pathname: 'sys', href: 'sys' }
info addNamed [ 'sys', '' ]
verbose addNamed [ null, '' ]
verbose GET sys
verbose raw, before any munging sys
verbose url resolving [ 'https://registry.npmjs.org/', './sys' ]
verbose url resolved https://registry.npmjs.org/sys
verbose url parsed { protocol: 'https:',
verbose url parsed   slashes: true,
verbose url parsed   host: 'registry.npmjs.org',
verbose url parsed   hostname: 'registry.npmjs.org',
verbose url parsed   href: 'https://registry.npmjs.org/sys',
verbose url parsed   pathname: '/sys' }
verbose response https://registry.npmjs.org/sys
silly chunk {"error":"not_found","reason":"document not found"}
silly chunk 
silly get cb [ 404,
silly get cb   { server: 'CouchDB/1.1.0 (Erlang OTP/R14B03)',
silly get cb     date: 'Fri, 07 Oct 2011 19:51:20 GMT',
silly get cb     'content-type': 'application/json',
silly get cb     'content-length': '52',
silly get cb     'cache-control': 'must-revalidate' } ]
ERR! 404 'sys' is not in the npm registry.
ERR! 404 You should bug the author to publish it.
ERR! 404 Note that you can also install from a tarball or folder.
ERR! 
ERR! System Darwin 10.8.0
ERR! command "node" "/usr/local/bin/npm" "install" "sys"
ERR! cwd /Users/cclamb/Work/grocery-list
ERR! node -v v0.4.9
ERR! npm -v 1.0.27
verbose exit [ 1, true ]
